# JRE version: Java(TM) SE Runtime Environment (8.0_202-b08) (build 1.8.0_202-b08)
# Java VM: Java HotSpot(TM) 64-Bit Server VM (25.202-b08 mixed mode bsd-amd64 compressed oops)
Heap:
 PSYoungGen      total 39936K, used 9763K [0x000000076ab00000, 0x000000076db00000, 0x00000007c0000000)
  eden space 30720K, 2% used [0x000000076ab00000,0x000000076abbf688,0x000000076c900000)
  from space 9216K, 97% used [0x000000076d200000,0x000000076dac9680,0x000000076db00000)
  to   space 9216K, 0% used [0x000000076c900000,0x000000076c900000,0x000000076d200000)
 ParOldGen       total 75776K, used 17940K [0x00000006c0000000, 0x00000006c4a00000, 0x000000076ab00000)
  object space 75776K, 23% used [0x00000006c0000000,0x00000006c1185108,0x00000006c4a00000)
 Metaspace       used 23297K, capacity 23724K, committed 23936K, reserved 1071104K
  class space    used 2778K, capacity 2908K, committed 2944K, reserved 1048576K
GC Heap History (10 events):
Event: 11263.178 GC heap before
{Heap before GC invocations=293 (full 1):
 PSYoungGen      total 39936K, used 39588K [0x000000076ab00000, 0x000000076db00000, 0x00000007c0000000)
  eden space 30720K, 100% used [0x000000076ab00000,0x000000076c900000,0x000000076c900000)
  from space 9216K, 96% used [0x000000076c900000,0x000000076d1a9330,0x000000076d200000)
  to   space 9216K, 0% used [0x000000076d200000,0x000000076d200000,0x000000076db00000)
 ParOldGen       total 75776K, used 17940K [0x00000006c0000000, 0x00000006c4a00000, 0x000000076ab00000)
  object space 75776K, 23% used [0x00000006c0000000,0x00000006c1185108,0x00000006c4a00000)
 Metaspace       used 23278K, capacity 23724K, committed 23936K, reserved 1071104K
  class space    used 2773K, capacity 2908K, committed 2944K, reserved 1048576K
Event: 11263.183 GC heap after
Heap after GC invocations=293 (full 1):
 PSYoungGen      total 39936K, used 8836K [0x000000076ab00000, 0x000000076db00000, 0x00000007c0000000)
  eden space 30720K, 0% used [0x000000076ab00000,0x000000076ab00000,0x000000076c900000)
  from space 9216K, 95% used [0x000000076d200000,0x000000076daa1330,0x000000076db00000)
  to   space 9216K, 0% used [0x000000076c900000,0x000000076c900000,0x000000076d200000)
 ParOldGen       total 75776K, used 17940K [0x00000006c0000000, 0x00000006c4a00000, 0x000000076ab00000)
  object space 75776K, 23% used [0x00000006c0000000,0x00000006c1185108,0x00000006c4a00000)
 Metaspace       used 23278K, capacity 23724K, committed 23936K, reserved 1071104K
  class space    used 2773K, capacity 2908K, committed 2944K, reserved 1048576K
}
Event: 11297.168 GC heap before
{Heap before GC invocations=294 (full 1):
 PSYoungGen      total 39936K, used 39556K [0x000000076ab00000, 0x000000076db00000, 0x00000007c0000000)
  eden space 30720K, 100% used [0x000000076ab00000,0x000000076c900000,0x000000076c900000)
  from space 9216K, 95% used [0x000000076d200000,0x000000076daa1330,0x000000076db00000)
  to   space 9216K, 0% used [0x000000076c900000,0x000000076c900000,0x000000076d200000)
 ParOldGen       total 75776K, used 17940K [0x00000006c0000000, 0x00000006c4a00000, 0x000000076ab00000)
  object space 75776K, 23% used [0x00000006c0000000,0x00000006c1185108,0x00000006c4a00000)
 Metaspace       used 23278K, capacity 23724K, committed 23936K, reserved 1071104K
  class space    used 2773K, capacity 2908K, committed 2944K, reserved 1048576K
Event: 11297.179 GC heap after
Heap after GC invocations=294 (full 1):
 PSYoungGen      total 39936K, used 8932K [0x000000076ab00000, 0x000000076db00000, 0x00000007c0000000)
  eden space 30720K, 0% used [0x000000076ab00000,0x000000076ab00000,0x000000076c900000)
  from space 9216K, 96% used [0x000000076c900000,0x000000076d1b9330,0x000000076d200000)
  to   space 9216K, 0% used [0x000000076d200000,0x000000076d200000,0x000000076db00000)
 ParOldGen       total 75776K, used 17940K [0x00000006c0000000, 0x00000006c4a00000, 0x000000076ab00000)
  object space 75776K, 23% used [0x00000006c0000000,0x00000006c1185108,0x00000006c4a00000)
 Metaspace       used 23278K, capacity 23724K, committed 23936K, reserved 1071104K
  class space    used 2773K, capacity 2908K, committed 2944K, reserved 1048576K
}
Event: 11332.183 GC heap before
{Heap before GC invocations=295 (full 1):
 PSYoungGen      total 39936K, used 39652K [0x000000076ab00000, 0x000000076db00000, 0x00000007c0000000)
  eden space 30720K, 100% used [0x000000076ab00000,0x000000076c900000,0x000000076c900000)
  from space 9216K, 96% used [0x000000076c900000,0x000000076d1b9330,0x000000076d200000)
  to   space 9216K, 0% used [0x000000076d200000,0x000000076d200000,0x000000076db00000)
 ParOldGen       total 75776K, used 17940K [0x00000006c0000000, 0x00000006c4a00000, 0x000000076ab00000)
  object space 75776K, 23% used [0x00000006c0000000,0x00000006c1185108,0x00000006c4a00000)
 Metaspace       used 23278K, capacity 23724K, committed 23936K, reserved 1071104K
  class space    used 2773K, capacity 2908K, committed 2944K, reserved 1048576K
Event: 11332.189 GC heap after
Heap after GC invocations=295 (full 1):
 PSYoungGen      total 39936K, used 8964K [0x000000076ab00000, 0x000000076db00000, 0x00000007c0000000)
  eden space 30720K, 0% used [0x000000076ab00000,0x000000076ab00000,0x000000076c900000)
  from space 9216K, 97% used [0x000000076d200000,0x000000076dac1330,0x000000076db00000)
  to   space 9216K, 0% used [0x000000076c900000,0x000000076c900000,0x000000076d200000)
 ParOldGen       total 75776K, used 17940K [0x00000006c0000000, 0x00000006c4a00000, 0x000000076ab00000)
  object space 75776K, 23% used [0x00000006c0000000,0x00000006c1185108,0x00000006c4a00000)
 Metaspace       used 23278K, capacity 23724K, committed 23936K, reserved 1071104K
  class space    used 2773K, capacity 2908K, committed 2944K, reserved 1048576K
}
Event: 11365.548 GC heap before
{Heap before GC invocations=296 (full 1):
 PSYoungGen      total 39936K, used 39684K [0x000000076ab00000, 0x000000076db00000, 0x00000007c0000000)
  eden space 30720K, 100% used [0x000000076ab00000,0x000000076c900000,0x000000076c900000)
  from space 9216K, 97% used [0x000000076d200000,0x000000076dac1330,0x000000076db00000)
  to   space 9216K, 0% used [0x000000076c900000,0x000000076c900000,0x000000076d200000)
 ParOldGen       total 75776K, used 17940K [0x00000006c0000000, 0x00000006c4a00000, 0x000000076ab00000)
  object space 75776K, 23% used [0x00000006c0000000,0x00000006c1185108,0x00000006c4a00000)
 Metaspace       used 23278K, capacity 23724K, committed 23936K, reserved 1071104K
  class space    used 2773K, capacity 2908K, committed 2944K, reserved 1048576K
Event: 11365.553 GC heap after
Heap after GC invocations=296 (full 1):
 PSYoungGen      total 39936K, used 9000K [0x000000076ab00000, 0x000000076db00000, 0x00000007c0000000)
  eden space 30720K, 0% used [0x000000076ab00000,0x000000076ab00000,0x000000076c900000)
  from space 9216K, 97% used [0x000000076c900000,0x000000076d1ca070,0x000000076d200000)
  to   space 9216K, 0% used [0x000000076d200000,0x000000076d200000,0x000000076db00000)
 ParOldGen       total 75776K, used 17940K [0x00000006c0000000, 0x00000006c4a00000, 0x000000076ab00000)
  object space 75776K, 23% used [0x00000006c0000000,0x00000006c1185108,0x00000006c4a00000)
 Metaspace       used 23278K, capacity 23724K, committed 23936K, reserved 1071104K
  class space    used 2773K, capacity 2908K, committed 2944K, reserved 1048576K
}
Event: 11408.293 GC heap before
{Heap before GC invocations=297 (full 1):
 PSYoungGen      total 39936K, used 39720K [0x000000076ab00000, 0x000000076db00000, 0x00000007c0000000)
  eden space 30720K, 100% used [0x000000076ab00000,0x000000076c900000,0x000000076c900000)
  from space 9216K, 97% used [0x000000076c900000,0x000000076d1ca070,0x000000076d200000)
  to   space 9216K, 0% used [0x000000076d200000,0x000000076d200000,0x000000076db00000)
 ParOldGen       total 75776K, used 17940K [0x00000006c0000000, 0x00000006c4a00000, 0x000000076ab00000)
  object space 75776K, 23% used [0x00000006c0000000,0x00000006c1185108,0x00000006c4a00000)
 Metaspace       used 23297K, capacity 23724K, committed 23936K, reserved 1071104K
  class space    used 2778K, capacity 2908K, committed 2944K, reserved 1048576K
Event: 11408.301 GC heap after
Heap after GC invocations=297 (full 1):
 PSYoungGen      total 39936K, used 8997K [0x000000076ab00000, 0x000000076db00000, 0x00000007c0000000)
  eden space 30720K, 0% used [0x000000076ab00000,0x000000076ab00000,0x000000076c900000)
  from space 9216K, 97% used [0x000000076d200000,0x000000076dac9680,0x000000076db00000)
  to   space 9216K, 0% used [0x000000076c900000,0x000000076c900000,0x000000076d200000)
 ParOldGen       total 75776K, used 17940K [0x00000006c0000000, 0x00000006c4a00000, 0x000000076ab00000)
  object space 75776K, 23% used [0x00000006c0000000,0x00000006c1185108,0x00000006c4a00000)
 Metaspace       used 23297K, capacity 23724K, committed 23936K, reserved 1071104K
  class space    used 2778K, capacity 2908K, committed 2944K, reserved 1048576K
}

